runsolver Copyright (C) 2010-2013 Olivier ROUSSEL

This is runsolver version 3.3.4 (svn: 1649) [AEATK2]

This program is distributed in the hope that it will be useful,
but WITHOUT ANY WARRANTY; without even the implied warranty of
MERCHANTABILITY or FITNESS FOR A PARTICULAR PURPOSE.  See the
GNU General Public License for more details.

command line: /home/shalag/.local/lib/python2.7/site-packages/genericWrapper4AC/binaries/runsolver -M 2048 -C 1 -w /tmp/383431.4.lab_course.q/watcher-482453-M6JWV_.log -o /tmp/383431.4.lab_course.q/solver-482453-1L8mp7.log /home/shalag/ML4AAD-Lab-SS2018/Exercise2/lpg_depots/lpg/src/lpg -speed -seed 691964162 -o ./instances/encoding.pddl -f /home/shalag/ML4AAD-Lab-SS2018/Exercise2/lpg_depots/instances/train/training-B-17-211.pddl -out /tmp/tmpA5U9rD/planner_output -extended_unsupported_goals 0 -noise_incr 1.25 -not_supported_preconds_evaluation 0 -dynoiseTabLen 1.2 -ichoice 5 -choose_min_numA_fact 0 -inc_re 1.16 -ri_list 0 -donot_try_suspected_actions 0 -extended_effects_evaluation 0 -no_insert_threated_act_in_neighb 1 -no_mutex_with_additive_effects 1 -remove_act_next_step 0 -relaxed_examination 0 -criprecond 4 -h 6 -reset_extended_unsupported_facts 0 -maxnoise 34 -evaluation_function 2 -mutex_and_additive_effects 0 -verifyAf 1 -twalkplan 1 -stop_remove_act 0 -verifyinit 0 -walkplan 0 -bestfirst 0 -dynoisecoefnum 1.5 -evaluate_threated_supported_preconds_of_neighb_action 0 -numtry 500 -zero_num_A 1 -noise 0.05090664175838357 -nonuniform_random 0 -cri_insertion_add_mutex 1 -evaluate_mutex_for_action_remotion 1 -initializeichoice 1 -no_cut 0 -improve_reachability 0 -relaxed_neighborhood_evaluation 0 -lagrange 0 -triomemory 1 -static_noise 0 -inst_with_contraddicting_objects 1 -cri_update_iterations 11 -numrestart 9 -avoid_best_action_cycles 0 -not_extended_unsupported_facts 1 -weight_mutex_in_relaxed_plan 1.4129513053295795 -cri_intermediate_levels 2 -inst_duplicate_param 1 -fast_best_action_evaluation 0 -vicinato 4 -no_pruning 1 

running on 1 cores: 11

Enforcing CPUTime limit (soft limit, will send SIGTERM then SIGKILL): 1 seconds
Enforcing CPUTime limit (hard limit, will send SIGXCPU): 31 seconds
Enforcing VSIZE limit (soft limit, will send SIGTERM then SIGKILL): 2097152 KiB
Enforcing VSIZE limit (hard limit, stack expansion will fail with SIGSEGV, brk() and mmap() will return ENOMEM): 2148352 KiB

[startup+0 s]
/proc/loadavg: 6.71 6.59 6.48 9/435 178949
/proc/meminfo: memFree=55527972/65862604 swapFree=3648/1364600
[pid=178949] ppid=178947 vsize=17584 CPUtime=0 cores=11
/proc/178949/stat : 178949 (runsolver) R 178947 178946 163124 0 -1 4194368 0 0 0 0 0 0 0 0 0 -20 1 0 668925986 18006016 56 4294967296 4194304 4294504 140726041276832 140726041274096 46950170043418 0 24578 16781312 0 0 0 0 17 11 0 0 0 0 0 6393304 6398512 16097280 140726041285490 140726041287132 140726041287132 140726041288611 0
/proc/178949/statm: 4396 56 0 25 0 620 0
Current StackSize limit: 18014398509481983 KiB

Stop Solver Thread: Started

[startup+0.025105 s]
/proc/loadavg: 6.71 6.59 6.48 9/435 178949
/proc/meminfo: memFree=55527972/65862604 swapFree=3648/1364600
[pid=178949] ppid=178947 vsize=43956 CPUtime=0.01 cores=11
/proc/178949/stat : 178949 (lpg) R 178947 178949 163124 0 -1 4194304 7708 0 0 0 0 1 0 0 0 -20 1 0 668925986 45010944 9383 4294967296 4194304 6136546 140733419640096 140733419638808 5243008 0 24578 16781312 1024 0 0 0 17 11 0 0 0 0 0 8236720 8245328 46952448 140733419648088 140733419649521 140733419649521 140733419651000 0
/proc/178949/statm: 10989 9383 209 475 0 10510 0
Current children cumulated CPU time (s) 0.01
Current children cumulated vsize (KiB) 43956

[startup+0.100261 s]
/proc/loadavg: 6.71 6.59 6.48 9/435 178949
/proc/meminfo: memFree=55527972/65862604 swapFree=3648/1364600
[pid=178949] ppid=178947 vsize=206832 CPUtime=0.09 cores=11
/proc/178949/stat : 178949 (lpg) R 178947 178949 163124 0 -1 4194304 43131 0 0 0 2 7 0 0 0 -20 1 0 668925986 211795968 44759 4294967296 4194304 6136546 140733419640096 140733419638808 5243008 0 24578 16781312 1024 0 0 0 17 11 0 0 0 0 0 8236720 8245328 46952448 140733419648088 140733419649521 140733419649521 140733419651000 0
/proc/178949/statm: 51708 44759 209 475 0 51229 0
Current children cumulated CPU time (s) 0.09
Current children cumulated vsize (KiB) 206832

[startup+0.300148 s]
/proc/loadavg: 6.71 6.59 6.48 9/435 178949
/proc/meminfo: memFree=55527972/65862604 swapFree=3648/1364600
[pid=178949] ppid=178947 vsize=433932 CPUtime=0.28 cores=11
/proc/178949/stat : 178949 (lpg) R 178947 178949 163124 0 -1 4194304 89969 0 0 0 14 14 0 0 0 -20 1 0 668925986 444346368 91778 4294967296 4194304 6136546 140733419640096 140733419631504 4640212 0 24578 16781312 1024 0 0 0 17 11 0 0 0 0 0 8236720 8245328 46952448 140733419648088 140733419649521 140733419649521 140733419651000 0
/proc/178949/statm: 108483 91778 401 475 0 108004 0
Current children cumulated CPU time (s) 0.28
Current children cumulated vsize (KiB) 433932

[startup+0.700148 s]
/proc/loadavg: 6.71 6.59 6.48 9/435 178949
/proc/meminfo: memFree=55527972/65862604 swapFree=3648/1364600
[pid=178949] ppid=178947 vsize=458948 CPUtime=0.68 cores=11
/proc/178949/stat : 178949 (lpg) R 178947 178949 163124 0 -1 4194304 95304 0 0 0 53 15 0 0 0 -20 1 0 668925986 469962752 97663 4294967296 4194304 6136546 140733419640096 140733419637936 4448656 0 24578 16781312 1024 0 0 0 17 11 0 0 0 0 0 8236720 8245328 46952448 140733419648088 140733419649521 140733419649521 140733419651000 0
/proc/178949/statm: 114737 97663 433 475 0 114258 0
Current children cumulated CPU time (s) 0.68
Current children cumulated vsize (KiB) 458948



Shutdown Reason:
Solver termination detected (return from wait4)
Requesting Timer Thread Should Shutdown 
Setting solver is running = false 
Joining on timer Thread 
Stop Solver Thread: Should Execute
Timer Thread detected shutdown flag, shutting downTimer Thread Done
Waiting for stop solver thread
Stop Solver Thread: Timer Thread Stopped

[startup+0.700148 s]
/proc/loadavg: 6.71 6.59 6.48 9/435 178949
/proc/meminfo: memFree=55527972/65862604 swapFree=3648/1364600
[pid=178949] ppid=178947 vsize=458948 CPUtime=0.68 cores=11
/proc/178949/stat : 178949 (lpg) R 178947 178949 163124 0 -1 4194304 95304 0 0 0 53 15 0 0 0 -20 1 0 668925986 469962752 97663 4294967296 4194304 6136546 140733419640096 140733419637936 4448656 0 24578 16781312 1024 0 0 0 17 11 0 0 0 0 0 8236720 8245328 46952448 140733419648088 140733419649521 140733419649521 140733419651000 0
/proc/178949/statm: 114737 97663 433 475 0 114258 0
Current children cumulated CPU time (s) 0.68
Current children cumulated vsize (KiB) 458948

Sending SIGTERM to process tree (bottom up)
Stop Solver Thread: SIGTERM sent, waiting and sending SIGKILL
Sleeping 2 seconds
Stop Solver Thread: DONE
Sending fallback SIGKILL signal to process group

Solver just ended. Dumping a history of the last processes samples

Child status: 1
Real time (s): 0.736713
runsolver_walltime: 0.736713
CPU time (s): 0.724
runsolver_cputime: 0.724
CPU user time (s): 0.548
CPU system time (s): 0.176
CPU usage (%): 98.2744
Max. virtual memory (cumulated for all children) (KiB): 458948

getrusage(RUSAGE_CHILDREN,...) data:
user time used= 0.548
system time used= 0.176
maximum resident set size= 391748
integral shared memory size= 0
integral unshared data size= 0
integral unshared stack size= 0
page reclaims= 95535
page faults= 0
swaps= 0
block input operations= 0
block output operations= 8
messages sent= 0
messages received= 0
signals received= 0
voluntary context switches= 6
involuntary context switches= 10

runsolver used 0.004 second user time and 0.012 second system time

The end
