runsolver Copyright (C) 2010-2013 Olivier ROUSSEL

This is runsolver version 3.3.4 (svn: 1649) [AEATK2]

This program is distributed in the hope that it will be useful,
but WITHOUT ANY WARRANTY; without even the implied warranty of
MERCHANTABILITY or FITNESS FOR A PARTICULAR PURPOSE.  See the
GNU General Public License for more details.

command line: /home/shalag/.local/lib/python2.7/site-packages/genericWrapper4AC/binaries/runsolver -M 2048 -C 100 -w /tmp/383417.2.lab_course.q/watcher-999863-PqQSCG.log -o /tmp/383417.2.lab_course.q/solver-999863-uQmvro.log /home/shalag/ML4AAD-Lab-SS2018/Exercise2/lpg_depots/lpg/src/lpg -speed -seed 630311759 -o None -f /home/shalag/ML4AAD-Lab-SS2018/Exercise2/lpg_depots/instances/train/training-B-20-85.pddl -out /tmp/tmpshofEN/planner_output -extended_unsupported_goals 0 -noise_incr 1.25 -not_supported_preconds_evaluation 1 -dynoiseTabLen 1.2 -choose_min_numA_fact 1 -inc_re 1.16 -ri_list 0 -donot_try_suspected_actions 1 -extended_effects_evaluation 0 -no_insert_threated_act_in_neighb 1 -no_mutex_with_additive_effects 0 -remove_act_next_step 0 -relaxed_examination 0 -tabu_length 5 -criprecond 6 -h 6 -reset_extended_unsupported_facts 0 -maxnoise 60 -evaluation_function 1 -mutex_and_additive_effects 1 -verifyAf 0 -twalkplan 0 -tabu_fct 1 -stop_remove_act 0 -verifyinit 0 -walkplan 0 -bestfirst 1 -dynoisecoefnum 1.5 -evaluate_threated_supported_preconds_of_neighb_action 0 -numtry 500 -zero_num_A 0 -noise 0.1 -nonuniform_random 0 -tabu_act 1 -cri_insertion_add_mutex 0 -evaluate_mutex_for_action_remotion 0 -initializeichoice 0 -no_cut 0 -improve_reachability 0 -relaxed_neighborhood_evaluation 0 -lagrange 0 -triomemory 0 -static_noise 0 -inst_with_contraddicting_objects 0 -cri_update_iterations 0 -numrestart 9 -avoid_best_action_cycles 0 -not_extended_unsupported_facts 1 -weight_mutex_in_relaxed_plan 1.0 -cri_intermediate_levels 1 -inst_duplicate_param 0 -fast_best_action_evaluation 0 -vicinato 4 -no_pruning 0 

running on 1 cores: 8

Enforcing CPUTime limit (soft limit, will send SIGTERM then SIGKILL): 100 seconds
Enforcing CPUTime limit (hard limit, will send SIGXCPU): 130 seconds
Enforcing VSIZE limit (soft limit, will send SIGTERM then SIGKILL): 2097152 KiB
Enforcing VSIZE limit (hard limit, stack expansion will fail with SIGSEGV, brk() and mmap() will return ENOMEM): 2148352 KiB

[startup+0 s]
/proc/loadavg: 2.53 3.02 3.31 12/438 151459
/proc/meminfo: memFree=55756344/65862604 swapFree=3648/1644224
[pid=151459] ppid=151457 vsize=17584 CPUtime=0 cores=8
/proc/151459/stat : 151459 (runsolver) R 151457 151454 151420 0 -1 4194368 0 0 0 0 0 0 0 0 0 -20 1 0 667888746 18006016 56 4294967296 4194304 4294504 140734911188656 140734911185920 47581027996698 0 24578 16781312 0 0 0 0 17 8 0 0 0 0 0 6393304 6398512 13815808 140734911193994 140734911195612 140734911195612 140734911197091 0
/proc/151459/statm: 4396 56 0 25 0 620 0
Current StackSize limit: 18014398509481983 KiB

Stop Solver Thread: Started

[startup+0.0271069 s]
/proc/loadavg: 2.53 3.02 3.31 12/438 151459
/proc/meminfo: memFree=55756344/65862604 swapFree=3648/1644224
[pid=151459] ppid=151457 vsize=50832 CPUtime=0.01 cores=8
/proc/151459/stat : 151459 (lpg) R 151457 151459 151420 0 -1 4194304 9182 0 0 0 0 1 0 0 0 -20 1 0 667888746 52051968 10835 4294967296 4194304 6136546 140736972833600 140736972832312 5242941 0 24578 16781312 1024 0 0 0 17 8 0 0 0 0 0 8236720 8245328 35004416 140736972838002 140736972839409 140736972839409 140736972840888 0
/proc/151459/statm: 12708 10835 209 475 0 12229 0
Current children cumulated CPU time (s) 0.01
Current children cumulated vsize (KiB) 50832

[startup+0.100197 s]
/proc/loadavg: 2.53 3.02 3.31 12/438 151459
/proc/meminfo: memFree=55756344/65862604 swapFree=3648/1644224
[pid=151459] ppid=151457 vsize=211208 CPUtime=0.08 cores=8
/proc/151459/stat : 151459 (lpg) R 151457 151459 151420 0 -1 4194304 44081 0 0 0 1 7 0 0 0 -20 1 0 667888746 216276992 45749 4294967296 4194304 6136546 140736972833600 140736972832312 5243008 0 24578 16781312 1024 0 0 0 17 8 0 0 0 0 0 8236720 8245328 35004416 140736972838002 140736972839409 140736972839409 140736972840888 0
/proc/151459/statm: 52802 45749 209 475 0 52323 0
Current children cumulated CPU time (s) 0.08
Current children cumulated vsize (KiB) 211208



Shutdown Reason:
Solver termination detected (return from wait4)
Requesting Timer Thread Should Shutdown 
Setting solver is running = false 
Joining on timer Thread 
Stop Solver Thread: Should Execute
Timer Thread detected shutdown flag, shutting downTimer Thread Done
Waiting for stop solver thread
Stop Solver Thread: Timer Thread Stopped

[startup+0.200154 s]
/proc/loadavg: 2.53 3.02 3.31 12/438 151459
/proc/meminfo: memFree=55756344/65862604 swapFree=3648/1644224
[pid=151459] ppid=151457 vsize=0 CPUtime=0.18 cores=8
/proc/151459/stat : 151459 (lpg) R 151457 151459 151420 0 -1 4194308 85124 0 0 0 2 16 0 0 0 -20 1 0 667888746 0 0 4294967296 0 0 0 0 0 0 24578 16781312 1024 0 0 0 17 8 0 0 0 0 0 0 0 0 0 0 0 0 256
/proc/151459/statm: 0 0 0 0 0 0 0
Current children cumulated CPU time (s) 0.18
Current children cumulated vsize (KiB) 0

Sending SIGTERM to process tree (bottom up)
Stop Solver Thread: SIGTERM sent, waiting and sending SIGKILL
Sleeping 2 seconds
Stop Solver Thread: DONE
Sending fallback SIGKILL signal to process group

Solver just ended. Dumping a history of the last processes samples

[startup+0.200154 s]
/proc/loadavg: 2.53 3.02 3.31 12/438 151459
/proc/meminfo: memFree=55756344/65862604 swapFree=3648/1644224
[pid=151459] ppid=151457 vsize=0 CPUtime=0.18 cores=8
/proc/151459/stat : 151459 (lpg) R 151457 151459 151420 0 -1 4194308 85124 0 0 0 2 16 0 0 0 -20 1 0 667888746 0 0 4294967296 0 0 0 0 0 0 24578 16781312 1024 0 0 0 17 8 0 0 0 0 0 0 0 0 0 0 0 0 256
/proc/151459/statm: 0 0 0 0 0 0 0
Current children cumulated CPU time (s) 0.18
Current children cumulated vsize (KiB) 0

Child status: 1
Real time (s): 0.210598
runsolver_walltime: 0.210598
CPU time (s): 0.2
runsolver_cputime: 0.2
CPU user time (s): 0.028
CPU system time (s): 0.172
CPU usage (%): 94.9677
Max. virtual memory (cumulated for all children) (KiB): 211208

getrusage(RUSAGE_CHILDREN,...) data:
user time used= 0.028
system time used= 0.172
maximum resident set size= 347488
integral shared memory size= 0
integral unshared data size= 0
integral unshared stack size= 0
page reclaims= 85124
page faults= 0
swaps= 0
block input operations= 0
block output operations= 8
messages sent= 0
messages received= 0
signals received= 0
voluntary context switches= 5
involuntary context switches= 5

runsolver used 0.004 second user time and 0.008 second system time

The end
