runsolver Copyright (C) 2010-2013 Olivier ROUSSEL

This is runsolver version 3.3.4 (svn: 1649) [AEATK2]

This program is distributed in the hope that it will be useful,
but WITHOUT ANY WARRANTY; without even the implied warranty of
MERCHANTABILITY or FITNESS FOR A PARTICULAR PURPOSE.  See the
GNU General Public License for more details.

command line: /home/shalag/.local/lib/python2.7/site-packages/genericWrapper4AC/binaries/runsolver -M 2048 -C 65 -w /tmp/383431.3.lab_course.q/watcher-642156-WEeLza.log -o /tmp/383431.3.lab_course.q/solver-642156-74HbYr.log /home/shalag/ML4AAD-Lab-SS2018/Exercise2/lpg_depots/lpg/src/lpg -speed -seed 1973731952 -o ./instances/encoding.pddl -f /home/shalag/ML4AAD-Lab-SS2018/Exercise2/lpg_depots/instances/train/training-B-21-103.pddl -out /tmp/tmpMQHCd1/planner_output -extended_unsupported_goals 0 -not_supported_preconds_evaluation 1 -choose_min_numA_fact 1 -inc_re 1.9322936969630673 -ri_list 0 -donot_try_suspected_actions 1 -extended_effects_evaluation 0 -no_insert_threated_act_in_neighb 1 -no_mutex_with_additive_effects 0 -remove_act_next_step 1 -relaxed_examination 0 -criprecond 6 -h 6 -reset_extended_unsupported_facts 0 -maxnoise 87 -evaluation_function 1 -mutex_and_additive_effects 0 -verifyAf 1 -twalkplan 1 -stop_remove_act 0 -verifyinit 0 -walkplan 0 -bestfirst 1 -evaluate_threated_supported_preconds_of_neighb_action 0 -numtry 519 -zero_num_A 0 -ncut 122 -noise 0.020528403471397172 -nonuniform_random 1 -cri_insertion_add_mutex 1 -evaluate_mutex_for_action_remotion 0 -initializeichoice 0 -improve_reachability 1 -relaxed_neighborhood_evaluation 1 -lagrange 0 -triomemory 0 -static_noise 1 -inst_with_contraddicting_objects 0 -cri_update_iterations 0 -numrestart 9 -avoid_best_action_cycles 0 -not_extended_unsupported_facts 1 -weight_mutex_in_relaxed_plan 1.1734400453193061 -cri_intermediate_levels 2 -inst_duplicate_param 0 -fast_best_action_evaluation 1 -vicinato 1 -no_pruning 1 

running on 1 cores: 3

Enforcing CPUTime limit (soft limit, will send SIGTERM then SIGKILL): 65 seconds
Enforcing CPUTime limit (hard limit, will send SIGXCPU): 95 seconds
Enforcing VSIZE limit (soft limit, will send SIGTERM then SIGKILL): 2097152 KiB
Enforcing VSIZE limit (hard limit, stack expansion will fail with SIGSEGV, brk() and mmap() will return ENOMEM): 2148352 KiB

[startup+0 s]
/proc/loadavg: 6.21 6.56 6.36 13/422 166836
/proc/meminfo: memFree=55976476/65862604 swapFree=3648/1364432
[pid=166836] ppid=166834 vsize=17584 CPUtime=0 cores=3
/proc/166836/stat : 166836 (runsolver) R 166834 166833 163132 0 -1 4194368 0 0 0 0 0 0 0 0 0 -20 1 0 668664708 18006016 56 4294967296 4194304 4294504 140725997527040 140725997524304 47332587951130 0 24578 16781312 0 0 0 0 17 3 0 0 0 0 0 6393304 6398512 17825792 140725997532069 140725997533660 140725997533660 140725997535139 0
/proc/166836/statm: 4396 56 0 25 0 620 0
Current StackSize limit: 18014398509481983 KiB

Stop Solver Thread: Started

[startup+0.0400669 s]
/proc/loadavg: 6.21 6.56 6.36 13/422 166836
/proc/meminfo: memFree=55976476/65862604 swapFree=3648/1364432
[pid=166836] ppid=166834 vsize=78500 CPUtime=0.03 cores=3
/proc/166836/stat : 166836 (lpg) R 166834 166836 163132 0 -1 4194304 15207 0 0 0 0 3 0 0 0 -20 1 0 668664708 80384000 16841 4294967296 4194304 6136546 140721339242192 140721339240904 5243008 0 24578 16781312 1024 0 0 0 17 3 0 0 0 0 0 8236720 8245328 28495872 140721339249804 140721339251185 140721339251185 140721339252664 0
/proc/166836/statm: 19625 16841 209 475 0 19146 0
Current children cumulated CPU time (s) 0.03
Current children cumulated vsize (KiB) 78500

[startup+0.100232 s]
/proc/loadavg: 6.21 6.56 6.36 13/422 166836
/proc/meminfo: memFree=55976476/65862604 swapFree=3648/1364432
[pid=166836] ppid=166834 vsize=209648 CPUtime=0.08 cores=3
/proc/166836/stat : 166836 (lpg) R 166834 166836 163132 0 -1 4194304 43757 0 0 0 0 8 0 0 0 -20 1 0 668664708 214679552 45419 4294967296 4194304 6136546 140721339242192 140721339240904 5243008 0 24578 16781312 1024 0 0 0 17 3 0 0 0 0 0 8236720 8245328 28495872 140721339249804 140721339251185 140721339251185 140721339252664 0
/proc/166836/statm: 52412 45419 209 475 0 51933 0
Current children cumulated CPU time (s) 0.08
Current children cumulated vsize (KiB) 209648

[startup+0.300143 s]
/proc/loadavg: 6.21 6.56 6.36 13/422 166836
/proc/meminfo: memFree=55976476/65862604 swapFree=3648/1364432
[pid=166836] ppid=166834 vsize=437328 CPUtime=0.28 cores=3
/proc/166836/stat : 166836 (lpg) R 166834 166836 163132 0 -1 4194304 90393 0 0 0 10 18 0 0 0 -20 1 0 668664708 447823872 92721 4294967296 4194304 6136546 140721339242192 140721339240848 4970683 0 24578 16781312 1024 0 0 0 17 3 0 0 0 0 0 8236720 8245328 28495872 140721339249804 140721339251185 140721339251185 140721339252664 0
/proc/166836/statm: 109332 92721 369 475 0 108853 0
Current children cumulated CPU time (s) 0.28
Current children cumulated vsize (KiB) 437328

[startup+0.700146 s]
/proc/loadavg: 6.21 6.56 6.36 13/422 166836
/proc/meminfo: memFree=55976476/65862604 swapFree=3648/1364432
[pid=166836] ppid=166834 vsize=465008 CPUtime=0.68 cores=3
/proc/166836/stat : 166836 (lpg) R 166834 166836 163132 0 -1 4194304 94456 0 0 0 50 18 0 0 0 -20 1 0 668664708 476168192 99357 4294967296 4194304 6136546 140721339242192 140721339240032 4455600 0 24578 16781312 1024 0 0 0 17 3 0 0 0 0 0 8236720 8245328 28495872 140721339249804 140721339251185 140721339251185 140721339252664 0
/proc/166836/statm: 116252 99357 433 475 0 115773 0
Current children cumulated CPU time (s) 0.68
Current children cumulated vsize (KiB) 465008

[startup+1.50014 s]
/proc/loadavg: 6.21 6.56 6.36 9/424 166838
/proc/meminfo: memFree=55263616/65862604 swapFree=3648/1364424
[pid=166836] ppid=166834 vsize=501144 CPUtime=1.47 cores=3
/proc/166836/stat : 166836 (lpg) R 166834 166836 163132 0 -1 4194304 103467 0 0 0 128 19 0 0 0 -20 1 0 668664708 513171456 108399 4294967296 4194304 6136546 140721339242192 140721339239688 4545746 0 24578 16781312 1024 0 0 0 17 3 0 0 0 0 0 8236720 8245328 28495872 140721339249804 140721339251185 140721339251185 140721339252664 0
/proc/166836/statm: 125286 108399 433 475 0 124807 0
Current children cumulated CPU time (s) 1.47
Current children cumulated vsize (KiB) 501144

[startup+3.10013 s]
/proc/loadavg: 6.21 6.56 6.36 8/424 166838
/proc/meminfo: memFree=55217240/65862604 swapFree=3648/1364424
[pid=166836] ppid=166834 vsize=533176 CPUtime=3.07 cores=3
/proc/166836/stat : 166836 (lpg) R 166834 166836 163132 0 -1 4194304 122401 0 0 0 286 21 0 0 0 -20 1 0 668664708 545972224 116435 4294967296 4194304 6136546 140721339242192 140721339239584 4452761 0 24578 16781312 1024 0 0 0 17 3 0 0 0 0 0 8236720 8245328 28495872 140721339249804 140721339251185 140721339251185 140721339252664 0
/proc/166836/statm: 133294 116435 433 475 0 132815 0
Current children cumulated CPU time (s) 3.07
Current children cumulated vsize (KiB) 533176

[startup+6.30015 s]
/proc/loadavg: 6.19 6.56 6.35 7/424 166845
/proc/meminfo: memFree=55145144/65862604 swapFree=3648/1364432
[pid=166836] ppid=166834 vsize=583148 CPUtime=6.24 cores=3
/proc/166836/stat : 166836 (lpg) R 166834 166836 163132 0 -1 4194304 159167 0 0 0 598 26 0 0 0 -20 1 0 668664708 597143552 128928 4294967296 4194304 6136546 140721339242192 140721339239808 4452467 0 24578 16781312 1024 0 0 0 17 3 0 0 0 0 0 8236720 8245328 28495872 140721339249804 140721339251185 140721339251185 140721339252664 0
/proc/166836/statm: 145787 128928 433 475 0 145308 0
Current children cumulated CPU time (s) 6.24
Current children cumulated vsize (KiB) 583148

[startup+12.7001 s]
/proc/loadavg: 6.18 6.55 6.35 7/424 166862
/proc/meminfo: memFree=55340280/65862604 swapFree=3648/1364428
[pid=166836] ppid=166834 vsize=617012 CPUtime=12.6 cores=3
/proc/166836/stat : 166836 (lpg) R 166834 166836 163132 0 -1 4194304 234128 0 0 0 1228 32 0 0 0 -20 1 0 668664708 631820288 137336 4294967296 4194304 6136546 140721339242192 140721339239696 4454400 0 24578 16781312 1024 0 0 0 17 3 0 0 0 0 0 8236720 8245328 28495872 140721339249804 140721339251185 140721339251185 140721339252664 0
/proc/166836/statm: 154253 137336 433 475 0 153774 0
Current children cumulated CPU time (s) 12.6
Current children cumulated vsize (KiB) 617012

[startup+25.5002 s]
/proc/loadavg: 6.27 6.55 6.36 8/430 166922
/proc/meminfo: memFree=54548848/65862604 swapFree=3648/1364424
[pid=166836] ppid=166834 vsize=765256 CPUtime=25.32 cores=3
/proc/166836/stat : 166836 (lpg) R 166834 166836 163132 0 -1 4194304 363735 0 0 0 2486 46 0 0 0 -20 1 0 668664708 783622144 174441 4294967296 4194304 6136546 140721339242192 140721339240224 4299578 0 24578 16781312 1024 0 0 0 17 3 0 0 0 0 0 8236720 8245328 28495872 140721339249804 140721339251185 140721339251185 140721339252664 0
/proc/166836/statm: 191314 174441 433 475 0 190835 0
Current children cumulated CPU time (s) 25.32
Current children cumulated vsize (KiB) 765256

[startup+51.1002 s]
/proc/loadavg: 6.52 6.59 6.37 8/431 167012
/proc/meminfo: memFree=54171356/65862604 swapFree=3648/1364416
[pid=166836] ppid=166834 vsize=1094620 CPUtime=50.75 cores=3
/proc/166836/stat : 166836 (lpg) R 166834 166836 163132 0 -1 4194304 646347 0 0 0 5003 72 0 0 0 -20 1 0 668664708 1120890880 256807 4294967296 4194304 6136546 140721339242192 140721339240024 4545744 0 24578 16781312 1024 0 0 0 17 3 0 0 0 0 0 8236720 8245328 28495872 140721339249804 140721339251185 140721339251185 140721339252664 0
/proc/166836/statm: 273655 256807 433 475 0 273176 0
Current children cumulated CPU time (s) 50.75
Current children cumulated vsize (KiB) 1094620



Shutdown Reason:
Solver termination detected (return from wait4)
Requesting Timer Thread Should Shutdown 
Setting solver is running = false 
Joining on timer Thread 
Stop Solver Thread: Should Execute
Timer Thread detected shutdown flag, shutting downStop Solver Thread: Timer Thread Stopped

[startup+63.8063 s]
/proc/loadavg: 6.56 6.59 6.38 7/431 167037
/proc/meminfo: memFree=54074872/65862604 swapFree=3648/1364428
[pid=166836] ppid=166834 vsize=1288364 CPUtime=63.37 cores=3
/proc/166836/stat : 166836 (lpg) R 166834 166836 163132 0 -1 4194304 777653 0 0 0 6251 86 0 0 0 -20 1 0 668664708 1319284736 305231 4294967296 4194304 6136546 140721339242192 140721339239920 4454448 0 24578 16781312 1024 0 0 0 17 3 0 0 0 0 0 8236720 8245328 28495872 140721339249804 140721339251185 140721339251185 140721339252664 0
/proc/166836/statm: 322091 305231 433 475 0 321612 0
Current children cumulated CPU time (s) 63.37
Current children cumulated vsize (KiB) 1288364

Sending SIGTERM to process tree (bottom up)
Stop Solver Thread: SIGTERM sent, waiting and sending SIGKILL
Sleeping 2 seconds
Stop Solver Thread: DONE
Timer Thread Done
Waiting for stop solver thread
Sending fallback SIGKILL signal to process group

Solver just ended. Dumping a history of the last processes samples

[startup+63.8063 s]
/proc/loadavg: 6.56 6.59 6.38 7/431 167037
/proc/meminfo: memFree=54074872/65862604 swapFree=3648/1364428
[pid=166836] ppid=166834 vsize=1288364 CPUtime=63.37 cores=3
/proc/166836/stat : 166836 (lpg) R 166834 166836 163132 0 -1 4194304 777653 0 0 0 6251 86 0 0 0 -20 1 0 668664708 1319284736 305231 4294967296 4194304 6136546 140721339242192 140721339239920 4454448 0 24578 16781312 1024 0 0 0 17 3 0 0 0 0 0 8236720 8245328 28495872 140721339249804 140721339251185 140721339251185 140721339252664 0
/proc/166836/statm: 322091 305231 433 475 0 321612 0
Current children cumulated CPU time (s) 63.37
Current children cumulated vsize (KiB) 1288364

Child status: 1
Real time (s): 63.8987
runsolver_walltime: 63.8987
CPU time (s): 63.468
runsolver_cputime: 63.468
CPU user time (s): 62.528
CPU system time (s): 0.94
CPU usage (%): 99.326
Max. virtual memory (cumulated for all children) (KiB): 1288364

getrusage(RUSAGE_CHILDREN,...) data:
user time used= 62.528
system time used= 0.94
maximum resident set size= 1221800
integral shared memory size= 0
integral unshared data size= 0
integral unshared stack size= 0
page reclaims= 777864
page faults= 0
swaps= 0
block input operations= 0
block output operations= 16
messages sent= 0
messages received= 0
signals received= 0
voluntary context switches= 6
involuntary context switches= 1245

runsolver used 0.16 second user time and 0.26 second system time

The end
