runsolver Copyright (C) 2010-2013 Olivier ROUSSEL

This is runsolver version 3.3.4 (svn: 1649) [AEATK2]

This program is distributed in the hope that it will be useful,
but WITHOUT ANY WARRANTY; without even the implied warranty of
MERCHANTABILITY or FITNESS FOR A PARTICULAR PURPOSE.  See the
GNU General Public License for more details.

command line: /home/shalag/.local/lib/python2.7/site-packages/genericWrapper4AC/binaries/runsolver -M 2048 -C 2 -w /tmp/383431.3.lab_course.q/watcher-17093-TMTlee.log -o /tmp/383431.3.lab_course.q/solver-17093-A0wYqq.log /home/shalag/ML4AAD-Lab-SS2018/Exercise2/lpg_depots/lpg/src/lpg -speed -seed 170439343 -o ./instances/encoding.pddl -f /home/shalag/ML4AAD-Lab-SS2018/Exercise2/lpg_depots/instances/train/training-B-21-53.pddl -out /tmp/tmpRF7Hxs/planner_output -extended_unsupported_goals 1 -noise_incr 1.25 -not_supported_preconds_evaluation 1 -lm_incrme 0.0012102300570802828 -dynoiseTabLen 2.6992891920488744 -ichoice 3 -choose_min_numA_fact 1 -inc_re 1.2874697455092208 -ri_list 0 -donot_try_suspected_actions 1 -extended_effects_evaluation 1 -no_insert_threated_act_in_neighb 0 -lm_decrme 4.015432492947057e-07 -no_mutex_with_additive_effects 1 -remove_act_next_step 0 -relaxed_examination 0 -lm_incrprec 0.0006699749804972645 -criprecond 6 -lm_decrprec 2.9104191323480033e-07 -h 6 -reset_extended_unsupported_facts 0 -maxnoise 60 -evaluation_function 1 -mutex_and_additive_effects 1 -verifyAf 1 -twalkplan 1 -stop_remove_act 0 -verifyinit 1 -walkplan 1 -bestfirst 1 -dynoisecoefnum 1.2984899811988175 -evaluate_threated_supported_preconds_of_neighb_action 0 -numtry 517 -zero_num_A 0 -noise 0.03203071307510783 -nonuniform_random 1 -cri_insertion_add_mutex 0 -evaluate_mutex_for_action_remotion 0 -initializeichoice 1 -lm_multilevel 0 -no_cut 1 -improve_reachability 1 -relaxed_neighborhood_evaluation 0 -lagrange 1 -triomemory 0 -static_noise 0 -inst_with_contraddicting_objects 1 -cri_update_iterations 3 -numrestart 8 -avoid_best_action_cycles 0 -not_extended_unsupported_facts 1 -weight_mutex_in_relaxed_plan 1.0 -cri_intermediate_levels 2 -inst_duplicate_param 0 -fast_best_action_evaluation 0 -vicinato 4 -no_pruning 0 

running on 1 cores: 3

Enforcing CPUTime limit (soft limit, will send SIGTERM then SIGKILL): 2 seconds
Enforcing CPUTime limit (hard limit, will send SIGXCPU): 32 seconds
Enforcing VSIZE limit (soft limit, will send SIGTERM then SIGKILL): 2097152 KiB
Enforcing VSIZE limit (hard limit, stack expansion will fail with SIGSEGV, brk() and mmap() will return ENOMEM): 2148352 KiB

[startup+0 s]
/proc/loadavg: 12.96 9.44 7.61 19/592 199375
/proc/meminfo: memFree=51631544/65862604 swapFree=3648/1799000
[pid=199375] ppid=199373 vsize=17584 CPUtime=0 cores=3
/proc/199375/stat : 199375 (runsolver) R 199373 199372 163132 0 -1 4194368 0 0 0 0 0 0 0 0 0 -20 1 0 669278318 18006016 55 4294967296 4194304 4294504 140727640631472 140727640628736 47863454250010 0 24578 16781312 0 0 0 0 17 3 0 0 0 0 0 6393304 6398512 26935296 140727640634047 140727640635868 140727640635868 140727640637347 0
/proc/199375/statm: 4396 55 0 25 0 620 0
Current StackSize limit: 18014398509481983 KiB

Stop Solver Thread: Started

[startup+0.0481981 s]
/proc/loadavg: 12.96 9.44 7.61 19/592 199375
/proc/meminfo: memFree=51631544/65862604 swapFree=3648/1799000
[pid=199375] ppid=199373 vsize=94288 CPUtime=0.03 cores=3
/proc/199375/stat : 199375 (lpg) R 199373 199375 163132 0 -1 4194304 18662 0 0 0 1 2 0 0 0 -20 1 0 669278318 96550912 20339 4294967296 4194304 6136546 140725424187552 140725424186264 5243008 0 24578 16781312 1024 0 0 0 17 3 0 0 0 0 0 8236720 8245328 31477760 140725424190371 140725424191985 140725424191985 140725424193464 0
/proc/199375/statm: 23572 20339 209 475 0 23093 0
Current children cumulated CPU time (s) 0.03
Current children cumulated vsize (KiB) 94288

[startup+0.100251 s]
/proc/loadavg: 12.96 9.44 7.61 19/592 199375
/proc/meminfo: memFree=51631544/65862604 swapFree=3648/1799000
[pid=199375] ppid=199373 vsize=210428 CPUtime=0.08 cores=3
/proc/199375/stat : 199375 (lpg) R 199373 199375 163132 0 -1 4194304 43919 0 0 0 1 7 0 0 0 -20 1 0 669278318 215478272 45551 4294967296 4194304 6136546 140725424187552 140725424186000 5204419 0 24578 16781312 1024 0 0 0 17 3 0 0 0 0 0 8236720 8245328 31477760 140725424190371 140725424191985 140725424191985 140725424193464 0
/proc/199375/statm: 52607 45551 209 475 0 52128 0
Current children cumulated CPU time (s) 0.08
Current children cumulated vsize (KiB) 210428

[startup+0.300149 s]
/proc/loadavg: 12.96 9.44 7.61 19/592 199375
/proc/meminfo: memFree=51631544/65862604 swapFree=3648/1799000
[pid=199375] ppid=199373 vsize=437328 CPUtime=0.28 cores=3
/proc/199375/stat : 199375 (lpg) R 199373 199375 163132 0 -1 4194304 90375 0 0 0 13 15 0 0 0 -20 1 0 669278318 447823872 92656 4294967296 4194304 6136546 140725424187552 140725424186048 4957439 0 24578 16781312 1024 0 0 0 17 3 0 0 0 0 0 8236720 8245328 31477760 140725424190371 140725424191985 140725424191985 140725424193464 0
/proc/199375/statm: 109332 92656 369 475 0 108853 0
Current children cumulated CPU time (s) 0.28
Current children cumulated vsize (KiB) 437328

[startup+0.700147 s]
/proc/loadavg: 12.96 9.44 7.61 19/592 199375
/proc/meminfo: memFree=51631544/65862604 swapFree=3648/1799000
[pid=199375] ppid=199373 vsize=463536 CPUtime=0.68 cores=3
/proc/199375/stat : 199375 (lpg) R 199373 199375 163132 0 -1 4194304 94316 0 0 0 52 16 0 0 0 -20 1 0 669278318 474660864 98713 4294967296 4194304 6136546 140725424187552 140725424180600 4543108 0 24578 16781312 1024 0 0 0 17 3 0 0 0 0 0 8236720 8245328 31477760 140725424190371 140725424191985 140725424191985 140725424193464 0
/proc/199375/statm: 115884 98713 433 475 0 115405 0
Current children cumulated CPU time (s) 0.68
Current children cumulated vsize (KiB) 463536

[startup+1.50015 s]
/proc/loadavg: 12.96 9.44 7.61 19/595 199384
/proc/meminfo: memFree=51542572/65862604 swapFree=3648/1798996
[pid=199375] ppid=199373 vsize=529836 CPUtime=1.47 cores=3
/proc/199375/stat : 199375 (lpg) R 199373 199375 163132 0 -1 4194304 110936 0 0 0 129 18 0 0 0 -20 1 0 669278318 542552064 115345 4294967296 4194304 6136546 140725424187552 140725424180000 4470913 0 24578 16781312 1024 0 0 0 17 3 0 0 0 0 0 8236720 8245328 31477760 140725424190371 140725424191985 140725424191985 140725424193464 0
/proc/199375/statm: 132459 115345 433 475 0 131980 0
Current children cumulated CPU time (s) 1.47
Current children cumulated vsize (KiB) 529836



Shutdown Reason:
Solver termination detected (return from wait4)
Requesting Timer Thread Should Shutdown 
Setting solver is running = false 
Joining on timer Thread 
Stop Solver Thread: Should Execute
Timer Thread detected shutdown flag, shutting downStop Solver Thread: Timer Thread Stopped

[startup+1.70012 s]
/proc/loadavg: 12.96 9.44 7.61 19/595 199384
/proc/meminfo: memFree=51542572/65862604 swapFree=3648/1798996
[pid=199375] ppid=199373 vsize=530104 CPUtime=1.67 cores=3
/proc/199375/stat : 199375 (lpg) R 199373 199375 163132 0 -1 4194304 110981 0 0 0 149 18 0 0 0 -20 1 0 669278318 542826496 115411 4294967296 4194304 6136546 140725424187552 140725424181088 4480256 0 24578 16781312 1024 0 0 0 17 3 0 0 0 0 0 8236720 8245328 31477760 140725424190371 140725424191985 140725424191985 140725424193464 0
/proc/199375/statm: 132526 115411 433 475 0 132047 0
Current children cumulated CPU time (s) 1.67
Current children cumulated vsize (KiB) 530104

Sending SIGTERM to process tree (bottom up)
Stop Solver Thread: SIGTERM sent, waiting and sending SIGKILL
Sleeping 2 seconds
Stop Solver Thread: DONE
Timer Thread Done
Waiting for stop solver thread
Sending fallback SIGKILL signal to process group

Solver just ended. Dumping a history of the last processes samples

Child status: 1
Real time (s): 1.79607
runsolver_walltime: 1.79607
CPU time (s): 1.776
runsolver_cputime: 1.776
CPU user time (s): 1.544
CPU system time (s): 0.232
CPU usage (%): 98.8825
Max. virtual memory (cumulated for all children) (KiB): 530104

getrusage(RUSAGE_CHILDREN,...) data:
user time used= 1.544
system time used= 0.232
maximum resident set size= 464184
integral shared memory size= 0
integral unshared data size= 0
integral unshared stack size= 0
page reclaims= 111605
page faults= 0
swaps= 0
block input operations= 0
block output operations= 37400
messages sent= 0
messages received= 0
signals received= 0
voluntary context switches= 6
involuntary context switches= 78

runsolver used 0.012 second user time and 0.012 second system time

The end
