runsolver Copyright (C) 2010-2013 Olivier ROUSSEL

This is runsolver version 3.3.4 (svn: 1649) [AEATK2]

This program is distributed in the hope that it will be useful,
but WITHOUT ANY WARRANTY; without even the implied warranty of
MERCHANTABILITY or FITNESS FOR A PARTICULAR PURPOSE.  See the
GNU General Public License for more details.

command line: /home/shalag/.local/lib/python2.7/site-packages/genericWrapper4AC/binaries/runsolver -M 2048 -C 100 -w /tmp/383417.3.lab_course.q/watcher-843723-vLPVLR.log -o /tmp/383417.3.lab_course.q/solver-843723-Z6mJ8N.log /home/shalag/ML4AAD-Lab-SS2018/Exercise2/lpg_depots/lpg/src/lpg -speed -seed 630311759 -o None -f /home/shalag/ML4AAD-Lab-SS2018/Exercise2/lpg_depots/instances/train/training-B-20-85.pddl -out /tmp/tmptXu28l/planner_output -extended_unsupported_goals 0 -noise_incr 1.25 -not_supported_preconds_evaluation 1 -dynoiseTabLen 1.2 -choose_min_numA_fact 1 -inc_re 1.16 -ri_list 0 -donot_try_suspected_actions 1 -extended_effects_evaluation 0 -no_insert_threated_act_in_neighb 1 -no_mutex_with_additive_effects 0 -remove_act_next_step 0 -relaxed_examination 0 -tabu_length 5 -criprecond 6 -h 6 -reset_extended_unsupported_facts 0 -maxnoise 60 -evaluation_function 1 -mutex_and_additive_effects 1 -verifyAf 0 -twalkplan 0 -tabu_fct 1 -stop_remove_act 0 -verifyinit 0 -walkplan 0 -bestfirst 1 -dynoisecoefnum 1.5 -evaluate_threated_supported_preconds_of_neighb_action 0 -numtry 500 -zero_num_A 0 -noise 0.1 -nonuniform_random 0 -tabu_act 1 -cri_insertion_add_mutex 0 -evaluate_mutex_for_action_remotion 0 -initializeichoice 0 -no_cut 0 -improve_reachability 0 -relaxed_neighborhood_evaluation 0 -lagrange 0 -triomemory 0 -static_noise 0 -inst_with_contraddicting_objects 0 -cri_update_iterations 0 -numrestart 9 -avoid_best_action_cycles 0 -not_extended_unsupported_facts 1 -weight_mutex_in_relaxed_plan 1.0 -cri_intermediate_levels 1 -inst_duplicate_param 0 -fast_best_action_evaluation 0 -vicinato 4 -no_pruning 0 

running on 1 cores: 1

Enforcing CPUTime limit (soft limit, will send SIGTERM then SIGKILL): 100 seconds
Enforcing CPUTime limit (hard limit, will send SIGXCPU): 130 seconds
Enforcing VSIZE limit (soft limit, will send SIGTERM then SIGKILL): 2097152 KiB
Enforcing VSIZE limit (hard limit, stack expansion will fail with SIGSEGV, brk() and mmap() will return ENOMEM): 2148352 KiB

[startup+0 s]
/proc/loadavg: 2.53 3.02 3.31 8/424 151445
/proc/meminfo: memFree=55768620/65862604 swapFree=3648/1644224
[pid=151445] ppid=151443 vsize=17584 CPUtime=0 cores=1
/proc/151445/stat : 151445 (runsolver) R 151443 151442 151417 0 -1 4194368 0 0 0 0 0 0 0 0 0 -20 1 0 667888745 18006016 55 4294967296 4194304 4294504 140735077663536 140735077660800 47294600061978 0 24578 16781312 0 0 0 0 17 1 0 0 0 0 0 6393304 6398512 14954496 140735077671818 140735077673436 140735077673436 140735077674915 0
/proc/151445/statm: 4396 55 0 25 0 620 0
Current StackSize limit: 18014398509481983 KiB

Stop Solver Thread: Started

[startup+0.0185831 s]
/proc/loadavg: 2.53 3.02 3.31 8/424 151445
/proc/meminfo: memFree=55768620/65862604 swapFree=3648/1644224
[pid=151445] ppid=151443 vsize=30668 CPUtime=0 cores=1
/proc/151445/stat : 151445 (lpg) R 151443 151445 151417 0 -1 4194304 4795 0 0 0 0 0 0 0 0 -20 1 0 667888745 31404032 6479 4294967296 4194304 6136546 140728667360000 140728667358448 5204172 0 24578 16781312 1024 0 0 0 17 1 0 0 0 0 0 8236720 8245328 32075776 140728667366514 140728667367921 140728667367921 140728667369400 0
/proc/151445/statm: 7667 6479 209 475 0 7188 0
Current children cumulated CPU time (s) 0
Current children cumulated vsize (KiB) 30668

[startup+0.100245 s]
/proc/loadavg: 2.53 3.02 3.31 8/424 151445
/proc/meminfo: memFree=55768620/65862604 swapFree=3648/1644224
[pid=151445] ppid=151443 vsize=210428 CPUtime=0.09 cores=1
/proc/151445/stat : 151445 (lpg) R 151443 151445 151417 0 -1 4194304 43917 0 0 0 1 8 0 0 0 -20 1 0 667888745 215478272 45551 4294967296 4194304 6136546 140728667360000 140728667358712 5243008 0 24578 16781312 1024 0 0 0 17 1 0 0 0 0 0 8236720 8245328 32075776 140728667366514 140728667367921 140728667367921 140728667369400 0
/proc/151445/statm: 52607 45551 209 475 0 52128 0
Current children cumulated CPU time (s) 0.09
Current children cumulated vsize (KiB) 210428



Shutdown Reason:
Solver termination detected (return from wait4)
Requesting Timer Thread Should Shutdown 
Setting solver is running = false 
Joining on timer Thread 
Stop Solver Thread: Should Execute
Timer Thread detected shutdown flag, shutting downTimer Thread Done
Waiting for stop solver thread
Stop Solver Thread: Timer Thread Stopped

[startup+0.200156 s]
/proc/loadavg: 2.53 3.02 3.31 8/424 151445
/proc/meminfo: memFree=55768620/65862604 swapFree=3648/1644224
[pid=151445] ppid=151443 vsize=0 CPUtime=0.19 cores=1
/proc/151445/stat : 151445 (lpg) R 151443 151445 151417 0 -1 4194308 85124 0 0 0 2 17 0 0 0 -20 1 0 667888745 0 0 4294967296 0 0 0 0 0 0 24578 16781312 1024 0 0 0 17 1 0 0 0 0 0 0 0 0 0 0 0 0 256
/proc/151445/statm: 0 0 0 0 0 0 0
Current children cumulated CPU time (s) 0.19
Current children cumulated vsize (KiB) 0

Sending SIGTERM to process tree (bottom up)
Stop Solver Thread: SIGTERM sent, waiting and sending SIGKILL
Sleeping 2 seconds
Stop Solver Thread: DONE
Sending fallback SIGKILL signal to process group

Solver just ended. Dumping a history of the last processes samples

[startup+0.200156 s]
/proc/loadavg: 2.53 3.02 3.31 8/424 151445
/proc/meminfo: memFree=55768620/65862604 swapFree=3648/1644224
[pid=151445] ppid=151443 vsize=0 CPUtime=0.19 cores=1
/proc/151445/stat : 151445 (lpg) R 151443 151445 151417 0 -1 4194308 85124 0 0 0 2 17 0 0 0 -20 1 0 667888745 0 0 4294967296 0 0 0 0 0 0 24578 16781312 1024 0 0 0 17 1 0 0 0 0 0 0 0 0 0 0 0 0 256
/proc/151445/statm: 0 0 0 0 0 0 0
Current children cumulated CPU time (s) 0.19
Current children cumulated vsize (KiB) 0

Child status: 1
Real time (s): 0.210157
runsolver_walltime: 0.210157
CPU time (s): 0.2
runsolver_cputime: 0.2
CPU user time (s): 0.02
CPU system time (s): 0.18
CPU usage (%): 95.167
Max. virtual memory (cumulated for all children) (KiB): 210428

getrusage(RUSAGE_CHILDREN,...) data:
user time used= 0.02
system time used= 0.18
maximum resident set size= 347488
integral shared memory size= 0
integral unshared data size= 0
integral unshared stack size= 0
page reclaims= 85124
page faults= 0
swaps= 0
block input operations= 0
block output operations= 8
messages sent= 0
messages received= 0
signals received= 0
voluntary context switches= 5
involuntary context switches= 5

runsolver used 0.004 second user time and 0.008 second system time

The end
